[2024-04-18 19:41:00,015: INFO: 2718555518: Epoch: 1/10]
[2024-04-18 19:42:28,802: INFO: 3013262975: Training : batch 0 Loss: 0.5615681617879306]
[2024-04-18 19:43:50,676: INFO: 3013262975: Training : batch 1 Loss: 0.481706702163842]
[2024-04-18 20:33:47,441: INFO: utils: NumExpr defaulting to 8 threads.]
[2024-04-18 20:34:10,588: INFO: 625199155: Epoch: 1/5]
[2024-04-18 20:34:53,544: INFO: 3013262975: Training : batch 0 Loss: 0.6290735883791116]
[2024-04-18 20:35:33,287: INFO: 3013262975: Training : batch 1 Loss: 0.5755679314648072]
[2024-04-18 20:35:47,849: INFO: utils: NumExpr defaulting to 8 threads.]
[2024-04-18 20:36:10,558: INFO: 3013262975: Training : batch 2 Loss: 0.5077274442067083]
[2024-04-18 20:36:42,373: INFO: 3013262975: Training : batch 3 Loss: 0.455738861370525]
[2024-04-18 20:38:51,322: INFO: utils: NumExpr defaulting to 8 threads.]
[2024-04-18 20:39:08,011: INFO: 625199155: Epoch: 1/5]
[2024-04-18 20:39:48,288: INFO: 3013262975: Training : batch 0 Loss: 0.7072789503659007]
[2024-04-18 20:40:20,346: INFO: 3013262975: Training : batch 1 Loss: 0.630689823151116]
[2024-04-18 20:41:08,449: INFO: utils: NumExpr defaulting to 8 threads.]
[2024-04-18 20:41:27,123: INFO: 625199155: Epoch: 1/5]
[2024-04-18 20:41:55,318: INFO: 3013262975: Training : batch 0 Loss: 0.779384512680618]
[2024-04-18 20:42:22,129: INFO: 3013262975: Training : batch 1 Loss: 0.6771465223854558]
[2024-04-18 20:42:51,218: INFO: 3013262975: Training : batch 2 Loss: 0.6036589820630192]
[2024-04-18 15:20:00,143: INFO: utils: NumExpr defaulting to 2 threads.]
[2024-04-18 15:20:24,064: INFO: deberta_kFold_initial: Fold 1/5]
[2024-04-18 15:20:24,072: INFO: deberta_kFold_initial: Fold 1/5 , Epoch: 1/3]
[2024-04-18 15:21:18,159: INFO: deberta_kFold_initial: Training : batch 0 Loss: 0.5925374298587237]
[2024-04-18 15:22:05,696: INFO: deberta_kFold_initial: Training : batch 1 Loss: 0.5200511452313005]
[2024-04-18 15:22:52,100: INFO: deberta_kFold_initial: Training : batch 2 Loss: 0.45354160392903603]
[2024-04-18 15:23:12,308: INFO: utils: NumExpr defaulting to 2 threads.]
[2024-04-18 15:23:21,787: INFO: deberta_kFold_initial: Fold 1/5]
[2024-04-18 15:23:21,793: INFO: deberta_kFold_initial: Fold 1/5 , Epoch: 1/3]
